{"/Users/payfazz344/Documents/Juara/Learn/express-typescript/src/index.ts": {"path":"/Users/payfazz344/Documents/Juara/Learn/express-typescript/src/index.ts","statementMap":{"0":{"start":{"line":1,"column":0},"end":{"line":1,"column":46}},"1":{"start":{"line":2,"column":0},"end":{"line":2,"column":27}},"2":{"start":{"line":3,"column":0},"end":{"line":3,"column":42}},"3":{"start":{"line":4,"column":0},"end":{"line":4,"column":42}},"4":{"start":{"line":6,"column":0},"end":{"line":6,"column":29}},"5":{"start":{"line":7,"column":0},"end":{"line":7,"column":40}},"6":{"start":{"line":9,"column":13},"end":{"line":9,"column":37}},"7":{"start":{"line":11,"column":25},"end":{"line":11,"column":34}},"8":{"start":{"line":13,"column":0},"end":{"line":13,"column":null}},"9":{"start":{"line":14,"column":0},"end":{"line":14,"column":null}},"10":{"start":{"line":15,"column":0},"end":{"line":15,"column":null}},"11":{"start":{"line":17,"column":0},"end":{"line":25,"column":null}},"12":{"start":{"line":26,"column":0},"end":{"line":26,"column":null}},"13":{"start":{"line":28,"column":0},"end":{"line":37,"column":null}},"14":{"start":{"line":30,"column":2},"end":{"line":32,"column":null}},"15":{"start":{"line":31,"column":3},"end":{"line":31,"column":null}},"16":{"start":{"line":35,"column":2},"end":{"line":35,"column":null}},"17":{"start":{"line":36,"column":2},"end":{"line":36,"column":null}}},"fnMap":{"0":{"name":"(anonymous_1)","decl":{"start":{"line":29,"column":7},"end":{"line":29,"column":8}},"loc":{"start":{"line":29,"column":23},"end":{"line":33,"column":2}}},"1":{"name":"(anonymous_2)","decl":{"start":{"line":30,"column":19},"end":{"line":30,"column":22}},"loc":{"start":{"line":30,"column":24},"end":{"line":32,"column":3}}},"2":{"name":"(anonymous_3)","decl":{"start":{"line":34,"column":8},"end":{"line":34,"column":9}},"loc":{"start":{"line":34,"column":16},"end":{"line":37,"column":2}}}},"branchMap":{"0":{"loc":{"start":{"line":9,"column":13},"end":{"line":9,"column":29}},"type":"binary-expr","locations":[{"start":{"line":9,"column":13},"end":{"line":9,"column":29}},{"start":{"line":9,"column":33},"end":{"line":9,"column":37}}]}},"s":{"0":0,"1":0,"2":0,"3":0,"4":0,"5":0,"6":0,"7":0,"8":0,"9":0,"10":0,"11":0,"12":0,"13":0,"14":0,"15":0,"16":0,"17":0},"f":{"0":0,"1":0,"2":0},"b":{"0":[0,0]}}
,"/Users/payfazz344/Documents/Juara/Learn/express-typescript/src/config/database.ts": {"path":"/Users/payfazz344/Documents/Juara/Learn/express-typescript/src/config/database.ts","statementMap":{"0":{"start":{"line":2,"column":0},"end":{"line":2,"column":47}},"1":{"start":{"line":4,"column":34},"end":{"line":13,"column":null}},"2":{"start":{"line":15,"column":0},"end":{"line":15,"column":null}}},"fnMap":{},"branchMap":{"0":{"loc":{"start":{"line":6,"column":7},"end":{"line":6,"column":32}},"type":"binary-expr","locations":[{"start":{"line":6,"column":7},"end":{"line":6,"column":32}},{"start":{"line":6,"column":36},"end":{"line":6,"column":47}}]},"1":{"loc":{"start":{"line":7,"column":7},"end":{"line":7,"column":40}},"type":"binary-expr","locations":[{"start":{"line":7,"column":7},"end":{"line":7,"column":40}},{"start":{"line":7,"column":44},"end":{"line":7,"column":48}}]},"2":{"loc":{"start":{"line":8,"column":11},"end":{"line":8,"column":36}},"type":"binary-expr","locations":[{"start":{"line":8,"column":11},"end":{"line":8,"column":36}},{"start":{"line":8,"column":40},"end":{"line":8,"column":50}}]},"3":{"loc":{"start":{"line":9,"column":11},"end":{"line":9,"column":40}},"type":"binary-expr","locations":[{"start":{"line":9,"column":11},"end":{"line":9,"column":40}},{"start":{"line":9,"column":44},"end":{"line":9,"column":54}}]},"4":{"loc":{"start":{"line":10,"column":11},"end":{"line":10,"column":34}},"type":"binary-expr","locations":[{"start":{"line":10,"column":11},"end":{"line":10,"column":34}},{"start":{"line":10,"column":38},"end":{"line":10,"column":48}}]}},"s":{"0":0,"1":0,"2":0},"f":{},"b":{"0":[0,0],"1":[0,0],"2":[0,0],"3":[0,0],"4":[0,0]}}
,"/Users/payfazz344/Documents/Juara/Learn/express-typescript/src/controllers/comment.controller.ts": {"path":"/Users/payfazz344/Documents/Juara/Learn/express-typescript/src/controllers/comment.controller.ts","statementMap":{"0":{"start":{"line":1,"column":0},"end":{"line":1,"column":57}},"1":{"start":{"line":3,"column":0},"end":{"line":3,"column":null}},"2":{"start":{"line":12,"column":0},"end":{"line":27,"column":null}},"3":{"start":{"line":15,"column":2},"end":{"line":15,"column":null}},"4":{"start":{"line":20,"column":2},"end":{"line":20,"column":null}},"5":{"start":{"line":25,"column":2},"end":{"line":25,"column":null}},"6":{"start":{"line":14,"column":1},"end":{"line":16,"column":null}},"7":{"start":{"line":19,"column":1},"end":{"line":21,"column":null}},"8":{"start":{"line":24,"column":1},"end":{"line":26,"column":null}},"9":{"start":{"line":12,"column":21},"end":{"line":27,"column":null}},"10":{"start":{"line":12,"column":21},"end":{"line":12,"column":null}}},"fnMap":{"0":{"name":"(anonymous_11)","decl":{"start":{"line":14,"column":14},"end":{"line":14,"column":25}},"loc":{"start":{"line":14,"column":25},"end":{"line":16,"column":null}}},"1":{"name":"(anonymous_13)","decl":{"start":{"line":19,"column":14},"end":{"line":19,"column":27}},"loc":{"start":{"line":19,"column":57},"end":{"line":21,"column":null}}},"2":{"name":"(anonymous_15)","decl":{"start":{"line":24,"column":14},"end":{"line":24,"column":24}},"loc":{"start":{"line":24,"column":43},"end":{"line":26,"column":null}}}},"branchMap":{},"s":{"0":1,"1":1,"2":1,"3":2,"4":1,"5":2,"6":1,"7":1,"8":1,"9":1,"10":1},"f":{"0":2,"1":1,"2":2},"b":{}}
,"/Users/payfazz344/Documents/Juara/Learn/express-typescript/src/controllers/ping.controller.ts": {"path":"/Users/payfazz344/Documents/Juara/Learn/express-typescript/src/controllers/ping.controller.ts","statementMap":{"0":{"start":{"line":1,"column":0},"end":{"line":1,"column":33}},"1":{"start":{"line":8,"column":0},"end":{"line":15,"column":null}},"2":{"start":{"line":11,"column":2},"end":{"line":13,"column":null}},"3":{"start":{"line":10,"column":1},"end":{"line":14,"column":null}},"4":{"start":{"line":8,"column":21},"end":{"line":15,"column":null}},"5":{"start":{"line":8,"column":21},"end":{"line":8,"column":null}}},"fnMap":{"0":{"name":"(anonymous_9)","decl":{"start":{"line":10,"column":14},"end":{"line":10,"column":24}},"loc":{"start":{"line":10,"column":24},"end":{"line":14,"column":null}}}},"branchMap":{},"s":{"0":1,"1":1,"2":1,"3":1,"4":1,"5":1},"f":{"0":1},"b":{}}
,"/Users/payfazz344/Documents/Juara/Learn/express-typescript/src/controllers/post.controller.ts": {"path":"/Users/payfazz344/Documents/Juara/Learn/express-typescript/src/controllers/post.controller.ts","statementMap":{"0":{"start":{"line":1,"column":0},"end":{"line":1,"column":71}},"1":{"start":{"line":3,"column":0},"end":{"line":3,"column":null}},"2":{"start":{"line":12,"column":0},"end":{"line":27,"column":null}},"3":{"start":{"line":15,"column":2},"end":{"line":15,"column":null}},"4":{"start":{"line":20,"column":2},"end":{"line":20,"column":null}},"5":{"start":{"line":25,"column":2},"end":{"line":25,"column":null}},"6":{"start":{"line":14,"column":1},"end":{"line":16,"column":null}},"7":{"start":{"line":19,"column":1},"end":{"line":21,"column":null}},"8":{"start":{"line":24,"column":1},"end":{"line":26,"column":null}},"9":{"start":{"line":12,"column":21},"end":{"line":27,"column":null}},"10":{"start":{"line":12,"column":21},"end":{"line":12,"column":null}}},"fnMap":{"0":{"name":"(anonymous_11)","decl":{"start":{"line":14,"column":14},"end":{"line":14,"column":22}},"loc":{"start":{"line":14,"column":22},"end":{"line":16,"column":null}}},"1":{"name":"(anonymous_13)","decl":{"start":{"line":19,"column":14},"end":{"line":19,"column":24}},"loc":{"start":{"line":19,"column":51},"end":{"line":21,"column":null}}},"2":{"name":"(anonymous_15)","decl":{"start":{"line":24,"column":14},"end":{"line":24,"column":21}},"loc":{"start":{"line":24,"column":40},"end":{"line":26,"column":null}}}},"branchMap":{},"s":{"0":1,"1":1,"2":1,"3":2,"4":1,"5":2,"6":1,"7":1,"8":1,"9":1,"10":1},"f":{"0":2,"1":1,"2":2},"b":{}}
,"/Users/payfazz344/Documents/Juara/Learn/express-typescript/src/controllers/user.controller.ts": {"path":"/Users/payfazz344/Documents/Juara/Learn/express-typescript/src/controllers/user.controller.ts","statementMap":{"0":{"start":{"line":1,"column":0},"end":{"line":1,"column":57}},"1":{"start":{"line":3,"column":0},"end":{"line":3,"column":null}},"2":{"start":{"line":12,"column":0},"end":{"line":27,"column":null}},"3":{"start":{"line":15,"column":2},"end":{"line":15,"column":null}},"4":{"start":{"line":20,"column":2},"end":{"line":20,"column":null}},"5":{"start":{"line":25,"column":2},"end":{"line":25,"column":null}},"6":{"start":{"line":14,"column":1},"end":{"line":16,"column":null}},"7":{"start":{"line":19,"column":1},"end":{"line":21,"column":null}},"8":{"start":{"line":24,"column":1},"end":{"line":26,"column":null}},"9":{"start":{"line":12,"column":21},"end":{"line":27,"column":null}},"10":{"start":{"line":12,"column":21},"end":{"line":12,"column":null}}},"fnMap":{"0":{"name":"(anonymous_11)","decl":{"start":{"line":14,"column":14},"end":{"line":14,"column":22}},"loc":{"start":{"line":14,"column":22},"end":{"line":16,"column":null}}},"1":{"name":"(anonymous_13)","decl":{"start":{"line":19,"column":14},"end":{"line":19,"column":24}},"loc":{"start":{"line":19,"column":51},"end":{"line":21,"column":null}}},"2":{"name":"(anonymous_15)","decl":{"start":{"line":24,"column":14},"end":{"line":24,"column":21}},"loc":{"start":{"line":24,"column":40},"end":{"line":26,"column":null}}}},"branchMap":{},"s":{"0":1,"1":1,"2":1,"3":2,"4":1,"5":2,"6":1,"7":1,"8":1,"9":1,"10":1},"f":{"0":2,"1":1,"2":2},"b":{}}
,"/Users/payfazz344/Documents/Juara/Learn/express-typescript/src/models/comment.ts": {"path":"/Users/payfazz344/Documents/Juara/Learn/express-typescript/src/models/comment.ts","statementMap":{"0":{"start":{"line":1,"column":0},"end":{"line":1,"column":null}},"1":{"start":{"line":10,"column":0},"end":{"line":10,"column":29}},"2":{"start":{"line":11,"column":0},"end":{"line":11,"column":29}},"3":{"start":{"line":14,"column":0},"end":{"line":40,"column":null}},"4":{"start":{"line":16,"column":1},"end":{"line":16,"column":null}},"5":{"start":{"line":21,"column":1},"end":{"line":21,"column":null}},"6":{"start":{"line":24,"column":1},"end":{"line":24,"column":null}},"7":{"start":{"line":27,"column":1},"end":{"line":27,"column":null}},"8":{"start":{"line":25,"column":23},"end":{"line":25,"column":27}},"9":{"start":{"line":25,"column":45},"end":{"line":25,"column":58}},"10":{"start":{"line":30,"column":1},"end":{"line":30,"column":null}},"11":{"start":{"line":33,"column":1},"end":{"line":33,"column":null}},"12":{"start":{"line":31,"column":23},"end":{"line":31,"column":27}},"13":{"start":{"line":31,"column":45},"end":{"line":31,"column":58}},"14":{"start":{"line":36,"column":1},"end":{"line":36,"column":null}},"15":{"start":{"line":39,"column":1},"end":{"line":39,"column":null}},"16":{"start":{"line":14,"column":13},"end":{"line":40,"column":null}},"17":{"start":{"line":14,"column":13},"end":{"line":14,"column":20}}},"fnMap":{"0":{"name":"(anonymous_2)","decl":{"start":{"line":25,"column":12},"end":{"line":25,"column":13}},"loc":{"start":{"line":25,"column":23},"end":{"line":25,"column":27}}},"1":{"name":"(anonymous_3)","decl":{"start":{"line":25,"column":29},"end":{"line":25,"column":30}},"loc":{"start":{"line":25,"column":45},"end":{"line":25,"column":58}}},"2":{"name":"(anonymous_4)","decl":{"start":{"line":31,"column":12},"end":{"line":31,"column":13}},"loc":{"start":{"line":31,"column":23},"end":{"line":31,"column":27}}},"3":{"name":"(anonymous_5)","decl":{"start":{"line":31,"column":29},"end":{"line":31,"column":30}},"loc":{"start":{"line":31,"column":45},"end":{"line":31,"column":58}}}},"branchMap":{},"s":{"0":4,"1":4,"2":4,"3":4,"4":4,"5":4,"6":4,"7":4,"8":0,"9":0,"10":4,"11":4,"12":0,"13":0,"14":4,"15":4,"16":4,"17":4},"f":{"0":0,"1":0,"2":0,"3":0},"b":{}}
,"/Users/payfazz344/Documents/Juara/Learn/express-typescript/src/models/index.ts": {"path":"/Users/payfazz344/Documents/Juara/Learn/express-typescript/src/models/index.ts","statementMap":{"0":{"start":{"line":1,"column":0},"end":{"line":1,"column":9}},"1":{"start":{"line":5,"column":9},"end":{"line":1,"column":29}},"2":{"start":{"line":2,"column":0},"end":{"line":2,"column":9}},"3":{"start":{"line":5,"column":15},"end":{"line":2,"column":29}},"4":{"start":{"line":3,"column":0},"end":{"line":3,"column":9}},"5":{"start":{"line":5,"column":21},"end":{"line":3,"column":35}}},"fnMap":{"0":{"name":"(anonymous_0)","decl":{"start":{"line":5,"column":9},"end":{"line":5,"column":13}},"loc":{"start":{"line":5,"column":9},"end":{"line":1,"column":29}}},"1":{"name":"(anonymous_1)","decl":{"start":{"line":5,"column":15},"end":{"line":5,"column":19}},"loc":{"start":{"line":5,"column":15},"end":{"line":2,"column":29}}},"2":{"name":"(anonymous_2)","decl":{"start":{"line":5,"column":21},"end":{"line":5,"column":28}},"loc":{"start":{"line":5,"column":21},"end":{"line":3,"column":35}}}},"branchMap":{},"s":{"0":4,"1":18,"2":4,"3":8,"4":4,"5":4},"f":{"0":14,"1":4,"2":0},"b":{}}
,"/Users/payfazz344/Documents/Juara/Learn/express-typescript/src/models/post.ts": {"path":"/Users/payfazz344/Documents/Juara/Learn/express-typescript/src/models/post.ts","statementMap":{"0":{"start":{"line":1,"column":0},"end":{"line":1,"column":null}},"1":{"start":{"line":11,"column":0},"end":{"line":11,"column":35}},"2":{"start":{"line":12,"column":0},"end":{"line":12,"column":29}},"3":{"start":{"line":15,"column":0},"end":{"line":41,"column":null}},"4":{"start":{"line":17,"column":1},"end":{"line":17,"column":null}},"5":{"start":{"line":20,"column":1},"end":{"line":20,"column":null}},"6":{"start":{"line":25,"column":1},"end":{"line":25,"column":null}},"7":{"start":{"line":28,"column":1},"end":{"line":28,"column":null}},"8":{"start":{"line":31,"column":1},"end":{"line":31,"column":null}},"9":{"start":{"line":29,"column":23},"end":{"line":29,"column":27}},"10":{"start":{"line":29,"column":45},"end":{"line":29,"column":55}},"11":{"start":{"line":34,"column":1},"end":{"line":34,"column":null}},"12":{"start":{"line":33,"column":23},"end":{"line":33,"column":30}},"13":{"start":{"line":33,"column":54},"end":{"line":33,"column":66}},"14":{"start":{"line":37,"column":1},"end":{"line":37,"column":null}},"15":{"start":{"line":40,"column":1},"end":{"line":40,"column":null}},"16":{"start":{"line":15,"column":13},"end":{"line":41,"column":null}},"17":{"start":{"line":15,"column":13},"end":{"line":15,"column":17}}},"fnMap":{"0":{"name":"(anonymous_2)","decl":{"start":{"line":29,"column":12},"end":{"line":29,"column":13}},"loc":{"start":{"line":29,"column":23},"end":{"line":29,"column":27}}},"1":{"name":"(anonymous_3)","decl":{"start":{"line":29,"column":29},"end":{"line":29,"column":30}},"loc":{"start":{"line":29,"column":45},"end":{"line":29,"column":55}}},"2":{"name":"(anonymous_4)","decl":{"start":{"line":33,"column":12},"end":{"line":33,"column":13}},"loc":{"start":{"line":33,"column":23},"end":{"line":33,"column":30}}},"3":{"name":"(anonymous_5)","decl":{"start":{"line":33,"column":32},"end":{"line":33,"column":33}},"loc":{"start":{"line":33,"column":54},"end":{"line":33,"column":66}}}},"branchMap":{},"s":{"0":4,"1":4,"2":4,"3":4,"4":4,"5":4,"6":4,"7":4,"8":4,"9":0,"10":0,"11":4,"12":0,"13":0,"14":4,"15":4,"16":4,"17":4},"f":{"0":0,"1":0,"2":0,"3":0},"b":{}}
,"/Users/payfazz344/Documents/Juara/Learn/express-typescript/src/models/user.ts": {"path":"/Users/payfazz344/Documents/Juara/Learn/express-typescript/src/models/user.ts","statementMap":{"0":{"start":{"line":1,"column":0},"end":{"line":1,"column":null}},"1":{"start":{"line":9,"column":0},"end":{"line":9,"column":29}},"2":{"start":{"line":10,"column":0},"end":{"line":10,"column":35}},"3":{"start":{"line":13,"column":0},"end":{"line":37,"column":null}},"4":{"start":{"line":15,"column":1},"end":{"line":15,"column":null}},"5":{"start":{"line":18,"column":1},"end":{"line":18,"column":null}},"6":{"start":{"line":21,"column":1},"end":{"line":21,"column":null}},"7":{"start":{"line":24,"column":1},"end":{"line":24,"column":null}},"8":{"start":{"line":27,"column":1},"end":{"line":27,"column":null}},"9":{"start":{"line":26,"column":23},"end":{"line":26,"column":27}},"10":{"start":{"line":26,"column":45},"end":{"line":26,"column":54}},"11":{"start":{"line":30,"column":1},"end":{"line":30,"column":null}},"12":{"start":{"line":29,"column":23},"end":{"line":29,"column":30}},"13":{"start":{"line":29,"column":54},"end":{"line":29,"column":66}},"14":{"start":{"line":33,"column":1},"end":{"line":33,"column":null}},"15":{"start":{"line":36,"column":1},"end":{"line":36,"column":null}},"16":{"start":{"line":13,"column":13},"end":{"line":37,"column":null}},"17":{"start":{"line":13,"column":13},"end":{"line":13,"column":17}}},"fnMap":{"0":{"name":"(anonymous_2)","decl":{"start":{"line":26,"column":12},"end":{"line":26,"column":13}},"loc":{"start":{"line":26,"column":23},"end":{"line":26,"column":27}}},"1":{"name":"(anonymous_3)","decl":{"start":{"line":26,"column":29},"end":{"line":26,"column":30}},"loc":{"start":{"line":26,"column":45},"end":{"line":26,"column":54}}},"2":{"name":"(anonymous_4)","decl":{"start":{"line":29,"column":12},"end":{"line":29,"column":13}},"loc":{"start":{"line":29,"column":23},"end":{"line":29,"column":30}}},"3":{"name":"(anonymous_5)","decl":{"start":{"line":29,"column":32},"end":{"line":29,"column":33}},"loc":{"start":{"line":29,"column":54},"end":{"line":29,"column":66}}}},"branchMap":{},"s":{"0":4,"1":4,"2":4,"3":4,"4":4,"5":4,"6":4,"7":4,"8":4,"9":0,"10":0,"11":4,"12":0,"13":0,"14":4,"15":4,"16":4,"17":4},"f":{"0":0,"1":0,"2":0,"3":0},"b":{}}
,"/Users/payfazz344/Documents/Juara/Learn/express-typescript/src/repositories/comment.repository.ts": {"path":"/Users/payfazz344/Documents/Juara/Learn/express-typescript/src/repositories/comment.repository.ts","statementMap":{"0":{"start":{"line":1,"column":0},"end":{"line":1,"column":39}},"1":{"start":{"line":2,"column":0},"end":{"line":2,"column":35}},"2":{"start":{"line":10,"column":27},"end":{"line":13,"column":null}},"3":{"start":{"line":10,"column":63},"end":{"line":13,"column":null}},"4":{"start":{"line":11,"column":27},"end":{"line":11,"column":49}},"5":{"start":{"line":12,"column":1},"end":{"line":12,"column":null}},"6":{"start":{"line":10,"column":13},"end":{"line":10,"column":27}},"7":{"start":{"line":15,"column":29},"end":{"line":24,"column":null}},"8":{"start":{"line":17,"column":22},"end":{"line":24,"column":null}},"9":{"start":{"line":18,"column":27},"end":{"line":18,"column":49}},"10":{"start":{"line":19,"column":17},"end":{"line":19,"column":30}},"11":{"start":{"line":20,"column":1},"end":{"line":23,"column":null}},"12":{"start":{"line":15,"column":13},"end":{"line":15,"column":29}},"13":{"start":{"line":26,"column":26},"end":{"line":31,"column":null}},"14":{"start":{"line":26,"column":72},"end":{"line":31,"column":null}},"15":{"start":{"line":27,"column":27},"end":{"line":27,"column":49}},"16":{"start":{"line":28,"column":17},"end":{"line":28,"column":60}},"17":{"start":{"line":29,"column":1},"end":{"line":29,"column":null}},"18":{"start":{"line":29,"column":15},"end":{"line":29,"column":null}},"19":{"start":{"line":30,"column":1},"end":{"line":30,"column":null}},"20":{"start":{"line":26,"column":13},"end":{"line":26,"column":26}}},"fnMap":{"0":{"name":"(anonymous_7)","decl":{"start":{"line":10,"column":27},"end":{"line":10,"column":61}},"loc":{"start":{"line":10,"column":63},"end":{"line":13,"column":null}}},"1":{"name":"(anonymous_8)","decl":{"start":{"line":10,"column":63},"end":{"line":10,"column":null}},"loc":{"start":{"line":10,"column":63},"end":{"line":13,"column":1}}},"2":{"name":"(anonymous_9)","decl":{"start":{"line":15,"column":29},"end":{"line":15,"column":null}},"loc":{"start":{"line":17,"column":22},"end":{"line":24,"column":null}}},"3":{"name":"(anonymous_10)","decl":{"start":{"line":17,"column":22},"end":{"line":17,"column":null}},"loc":{"start":{"line":17,"column":22},"end":{"line":24,"column":1}}},"4":{"name":"(anonymous_11)","decl":{"start":{"line":26,"column":26},"end":{"line":26,"column":33}},"loc":{"start":{"line":26,"column":72},"end":{"line":31,"column":null}}},"5":{"name":"(anonymous_12)","decl":{"start":{"line":26,"column":72},"end":{"line":26,"column":null}},"loc":{"start":{"line":26,"column":72},"end":{"line":31,"column":1}}}},"branchMap":{"0":{"loc":{"start":{"line":29,"column":1},"end":{"line":29,"column":null}},"type":"if","locations":[{"start":{"line":29,"column":1},"end":{"line":29,"column":null}},{"start":{"line":29,"column":1},"end":{"line":29,"column":null}}]}},"s":{"0":1,"1":1,"2":1,"3":0,"4":0,"5":0,"6":1,"7":1,"8":0,"9":0,"10":0,"11":0,"12":1,"13":1,"14":0,"15":0,"16":0,"17":0,"18":0,"19":0,"20":1},"f":{"0":0,"1":0,"2":0,"3":0,"4":0,"5":0},"b":{"0":[0,0]}}
,"/Users/payfazz344/Documents/Juara/Learn/express-typescript/src/repositories/post.repository.ts": {"path":"/Users/payfazz344/Documents/Juara/Learn/express-typescript/src/repositories/post.repository.ts","statementMap":{"0":{"start":{"line":1,"column":0},"end":{"line":1,"column":39}},"1":{"start":{"line":2,"column":0},"end":{"line":2,"column":32}},"2":{"start":{"line":10,"column":24},"end":{"line":13,"column":null}},"3":{"start":{"line":10,"column":57},"end":{"line":13,"column":null}},"4":{"start":{"line":11,"column":24},"end":{"line":11,"column":43}},"5":{"start":{"line":12,"column":1},"end":{"line":12,"column":null}},"6":{"start":{"line":10,"column":13},"end":{"line":10,"column":24}},"7":{"start":{"line":15,"column":26},"end":{"line":22,"column":null}},"8":{"start":{"line":15,"column":73},"end":{"line":22,"column":null}},"9":{"start":{"line":16,"column":24},"end":{"line":16,"column":43}},"10":{"start":{"line":17,"column":14},"end":{"line":17,"column":24}},"11":{"start":{"line":18,"column":1},"end":{"line":21,"column":null}},"12":{"start":{"line":15,"column":13},"end":{"line":15,"column":26}},"13":{"start":{"line":24,"column":23},"end":{"line":29,"column":null}},"14":{"start":{"line":24,"column":66},"end":{"line":29,"column":null}},"15":{"start":{"line":25,"column":24},"end":{"line":25,"column":43}},"16":{"start":{"line":26,"column":14},"end":{"line":26,"column":54}},"17":{"start":{"line":27,"column":1},"end":{"line":27,"column":null}},"18":{"start":{"line":27,"column":12},"end":{"line":27,"column":null}},"19":{"start":{"line":28,"column":1},"end":{"line":28,"column":null}},"20":{"start":{"line":24,"column":13},"end":{"line":24,"column":23}}},"fnMap":{"0":{"name":"(anonymous_7)","decl":{"start":{"line":10,"column":24},"end":{"line":10,"column":55}},"loc":{"start":{"line":10,"column":57},"end":{"line":13,"column":null}}},"1":{"name":"(anonymous_8)","decl":{"start":{"line":10,"column":57},"end":{"line":10,"column":null}},"loc":{"start":{"line":10,"column":57},"end":{"line":13,"column":1}}},"2":{"name":"(anonymous_9)","decl":{"start":{"line":15,"column":26},"end":{"line":15,"column":33}},"loc":{"start":{"line":15,"column":73},"end":{"line":22,"column":null}}},"3":{"name":"(anonymous_10)","decl":{"start":{"line":15,"column":73},"end":{"line":15,"column":null}},"loc":{"start":{"line":15,"column":73},"end":{"line":22,"column":1}}},"4":{"name":"(anonymous_11)","decl":{"start":{"line":24,"column":23},"end":{"line":24,"column":30}},"loc":{"start":{"line":24,"column":66},"end":{"line":29,"column":null}}},"5":{"name":"(anonymous_12)","decl":{"start":{"line":24,"column":66},"end":{"line":24,"column":null}},"loc":{"start":{"line":24,"column":66},"end":{"line":29,"column":1}}}},"branchMap":{"0":{"loc":{"start":{"line":27,"column":1},"end":{"line":27,"column":null}},"type":"if","locations":[{"start":{"line":27,"column":1},"end":{"line":27,"column":null}},{"start":{"line":27,"column":1},"end":{"line":27,"column":null}}]}},"s":{"0":1,"1":1,"2":1,"3":0,"4":0,"5":0,"6":1,"7":1,"8":0,"9":0,"10":0,"11":0,"12":1,"13":1,"14":0,"15":0,"16":0,"17":0,"18":0,"19":0,"20":1},"f":{"0":0,"1":0,"2":0,"3":0,"4":0,"5":0},"b":{"0":[0,0]}}
,"/Users/payfazz344/Documents/Juara/Learn/express-typescript/src/repositories/user.repository.ts": {"path":"/Users/payfazz344/Documents/Juara/Learn/express-typescript/src/repositories/user.repository.ts","statementMap":{"0":{"start":{"line":1,"column":0},"end":{"line":1,"column":39}},"1":{"start":{"line":2,"column":0},"end":{"line":2,"column":32}},"2":{"start":{"line":10,"column":24},"end":{"line":13,"column":null}},"3":{"start":{"line":10,"column":57},"end":{"line":13,"column":null}},"4":{"start":{"line":11,"column":24},"end":{"line":11,"column":43}},"5":{"start":{"line":12,"column":1},"end":{"line":12,"column":null}},"6":{"start":{"line":10,"column":13},"end":{"line":10,"column":24}},"7":{"start":{"line":15,"column":26},"end":{"line":22,"column":null}},"8":{"start":{"line":15,"column":73},"end":{"line":22,"column":null}},"9":{"start":{"line":16,"column":24},"end":{"line":16,"column":43}},"10":{"start":{"line":17,"column":14},"end":{"line":17,"column":24}},"11":{"start":{"line":18,"column":1},"end":{"line":21,"column":null}},"12":{"start":{"line":15,"column":13},"end":{"line":15,"column":26}},"13":{"start":{"line":24,"column":23},"end":{"line":29,"column":null}},"14":{"start":{"line":24,"column":66},"end":{"line":29,"column":null}},"15":{"start":{"line":25,"column":24},"end":{"line":25,"column":43}},"16":{"start":{"line":26,"column":14},"end":{"line":26,"column":54}},"17":{"start":{"line":27,"column":1},"end":{"line":27,"column":null}},"18":{"start":{"line":27,"column":12},"end":{"line":27,"column":null}},"19":{"start":{"line":28,"column":1},"end":{"line":28,"column":null}},"20":{"start":{"line":24,"column":13},"end":{"line":24,"column":23}}},"fnMap":{"0":{"name":"(anonymous_7)","decl":{"start":{"line":10,"column":24},"end":{"line":10,"column":55}},"loc":{"start":{"line":10,"column":57},"end":{"line":13,"column":null}}},"1":{"name":"(anonymous_8)","decl":{"start":{"line":10,"column":57},"end":{"line":10,"column":null}},"loc":{"start":{"line":10,"column":57},"end":{"line":13,"column":1}}},"2":{"name":"(anonymous_9)","decl":{"start":{"line":15,"column":26},"end":{"line":15,"column":33}},"loc":{"start":{"line":15,"column":73},"end":{"line":22,"column":null}}},"3":{"name":"(anonymous_10)","decl":{"start":{"line":15,"column":73},"end":{"line":15,"column":null}},"loc":{"start":{"line":15,"column":73},"end":{"line":22,"column":1}}},"4":{"name":"(anonymous_11)","decl":{"start":{"line":24,"column":23},"end":{"line":24,"column":30}},"loc":{"start":{"line":24,"column":66},"end":{"line":29,"column":null}}},"5":{"name":"(anonymous_12)","decl":{"start":{"line":24,"column":66},"end":{"line":24,"column":null}},"loc":{"start":{"line":24,"column":66},"end":{"line":29,"column":1}}}},"branchMap":{"0":{"loc":{"start":{"line":27,"column":1},"end":{"line":27,"column":null}},"type":"if","locations":[{"start":{"line":27,"column":1},"end":{"line":27,"column":null}},{"start":{"line":27,"column":1},"end":{"line":27,"column":null}}]}},"s":{"0":2,"1":2,"2":2,"3":2,"4":2,"5":2,"6":2,"7":2,"8":1,"9":1,"10":1,"11":1,"12":2,"13":2,"14":2,"15":2,"16":2,"17":2,"18":1,"19":1,"20":2},"f":{"0":2,"1":2,"2":1,"3":1,"4":2,"5":2},"b":{"0":[1,1]}}
,"/Users/payfazz344/Documents/Juara/Learn/express-typescript/src/routes/comment.router.ts": {"path":"/Users/payfazz344/Documents/Juara/Learn/express-typescript/src/routes/comment.router.ts","statementMap":{"0":{"start":{"line":1,"column":0},"end":{"line":1,"column":29}},"1":{"start":{"line":2,"column":0},"end":{"line":2,"column":65}},"2":{"start":{"line":4,"column":15},"end":{"line":4,"column":31}},"3":{"start":{"line":6,"column":0},"end":{"line":10,"column":null}},"4":{"start":{"line":6,"column":36},"end":{"line":10,"column":2}},"5":{"start":{"line":7,"column":20},"end":{"line":7,"column":43}},"6":{"start":{"line":8,"column":18},"end":{"line":8,"column":48}},"7":{"start":{"line":9,"column":1},"end":{"line":9,"column":null}},"8":{"start":{"line":12,"column":0},"end":{"line":16,"column":null}},"9":{"start":{"line":12,"column":36},"end":{"line":16,"column":2}},"10":{"start":{"line":13,"column":20},"end":{"line":13,"column":43}},"11":{"start":{"line":14,"column":18},"end":{"line":14,"column":58}},"12":{"start":{"line":15,"column":1},"end":{"line":15,"column":null}},"13":{"start":{"line":18,"column":0},"end":{"line":23,"column":null}},"14":{"start":{"line":18,"column":38},"end":{"line":23,"column":2}},"15":{"start":{"line":19,"column":20},"end":{"line":19,"column":43}},"16":{"start":{"line":20,"column":18},"end":{"line":20,"column":60}},"17":{"start":{"line":21,"column":1},"end":{"line":21,"column":null}},"18":{"start":{"line":21,"column":16},"end":{"line":21,"column":null}},"19":{"start":{"line":22,"column":1},"end":{"line":22,"column":null}},"20":{"start":{"line":25,"column":0},"end":{"line":25,"column":null}}},"fnMap":{"0":{"name":"(anonymous_8)","decl":{"start":{"line":6,"column":16},"end":{"line":6,"column":23}},"loc":{"start":{"line":6,"column":36},"end":{"line":10,"column":2}}},"1":{"name":"(anonymous_9)","decl":{"start":{"line":6,"column":36},"end":{"line":6,"column":null}},"loc":{"start":{"line":6,"column":36},"end":{"line":10,"column":1}}},"2":{"name":"(anonymous_10)","decl":{"start":{"line":12,"column":17},"end":{"line":12,"column":24}},"loc":{"start":{"line":12,"column":36},"end":{"line":16,"column":2}}},"3":{"name":"(anonymous_11)","decl":{"start":{"line":12,"column":36},"end":{"line":12,"column":null}},"loc":{"start":{"line":12,"column":36},"end":{"line":16,"column":1}}},"4":{"name":"(anonymous_12)","decl":{"start":{"line":18,"column":19},"end":{"line":18,"column":26}},"loc":{"start":{"line":18,"column":38},"end":{"line":23,"column":2}}},"5":{"name":"(anonymous_13)","decl":{"start":{"line":18,"column":38},"end":{"line":18,"column":null}},"loc":{"start":{"line":18,"column":38},"end":{"line":23,"column":1}}}},"branchMap":{"0":{"loc":{"start":{"line":21,"column":1},"end":{"line":21,"column":null}},"type":"if","locations":[{"start":{"line":21,"column":1},"end":{"line":21,"column":null}},{"start":{"line":21,"column":1},"end":{"line":21,"column":null}}]}},"s":{"0":0,"1":0,"2":0,"3":0,"4":0,"5":0,"6":0,"7":0,"8":0,"9":0,"10":0,"11":0,"12":0,"13":0,"14":0,"15":0,"16":0,"17":0,"18":0,"19":0,"20":0},"f":{"0":0,"1":0,"2":0,"3":0,"4":0,"5":0},"b":{"0":[0,0]}}
,"/Users/payfazz344/Documents/Juara/Learn/express-typescript/src/routes/index.ts": {"path":"/Users/payfazz344/Documents/Juara/Learn/express-typescript/src/routes/index.ts","statementMap":{"0":{"start":{"line":1,"column":0},"end":{"line":1,"column":29}},"1":{"start":{"line":2,"column":0},"end":{"line":2,"column":59}},"2":{"start":{"line":3,"column":0},"end":{"line":3,"column":38}},"3":{"start":{"line":4,"column":0},"end":{"line":4,"column":38}},"4":{"start":{"line":5,"column":0},"end":{"line":5,"column":44}},"5":{"start":{"line":7,"column":15},"end":{"line":7,"column":31}},"6":{"start":{"line":9,"column":0},"end":{"line":13,"column":null}},"7":{"start":{"line":9,"column":40},"end":{"line":13,"column":2}},"8":{"start":{"line":10,"column":20},"end":{"line":10,"column":40}},"9":{"start":{"line":11,"column":18},"end":{"line":11,"column":47}},"10":{"start":{"line":12,"column":1},"end":{"line":12,"column":null}},"11":{"start":{"line":15,"column":0},"end":{"line":15,"column":null}},"12":{"start":{"line":16,"column":0},"end":{"line":16,"column":null}},"13":{"start":{"line":17,"column":0},"end":{"line":17,"column":null}},"14":{"start":{"line":19,"column":0},"end":{"line":19,"column":null}}},"fnMap":{"0":{"name":"(anonymous_8)","decl":{"start":{"line":9,"column":20},"end":{"line":9,"column":27}},"loc":{"start":{"line":9,"column":40},"end":{"line":13,"column":2}}},"1":{"name":"(anonymous_9)","decl":{"start":{"line":9,"column":40},"end":{"line":9,"column":null}},"loc":{"start":{"line":9,"column":40},"end":{"line":13,"column":1}}}},"branchMap":{},"s":{"0":0,"1":0,"2":0,"3":0,"4":0,"5":0,"6":0,"7":0,"8":0,"9":0,"10":0,"11":0,"12":0,"13":0,"14":0},"f":{"0":0,"1":0},"b":{}}
,"/Users/payfazz344/Documents/Juara/Learn/express-typescript/src/routes/post.router.ts": {"path":"/Users/payfazz344/Documents/Juara/Learn/express-typescript/src/routes/post.router.ts","statementMap":{"0":{"start":{"line":1,"column":0},"end":{"line":1,"column":29}},"1":{"start":{"line":2,"column":0},"end":{"line":2,"column":59}},"2":{"start":{"line":4,"column":15},"end":{"line":4,"column":31}},"3":{"start":{"line":6,"column":0},"end":{"line":10,"column":null}},"4":{"start":{"line":6,"column":36},"end":{"line":10,"column":2}},"5":{"start":{"line":7,"column":20},"end":{"line":7,"column":40}},"6":{"start":{"line":8,"column":18},"end":{"line":8,"column":45}},"7":{"start":{"line":9,"column":1},"end":{"line":9,"column":null}},"8":{"start":{"line":12,"column":0},"end":{"line":16,"column":null}},"9":{"start":{"line":12,"column":36},"end":{"line":16,"column":2}},"10":{"start":{"line":13,"column":20},"end":{"line":13,"column":40}},"11":{"start":{"line":14,"column":18},"end":{"line":14,"column":55}},"12":{"start":{"line":15,"column":1},"end":{"line":15,"column":null}},"13":{"start":{"line":18,"column":0},"end":{"line":23,"column":null}},"14":{"start":{"line":18,"column":38},"end":{"line":23,"column":2}},"15":{"start":{"line":19,"column":20},"end":{"line":19,"column":40}},"16":{"start":{"line":20,"column":18},"end":{"line":20,"column":57}},"17":{"start":{"line":21,"column":1},"end":{"line":21,"column":null}},"18":{"start":{"line":21,"column":16},"end":{"line":21,"column":null}},"19":{"start":{"line":22,"column":1},"end":{"line":22,"column":null}},"20":{"start":{"line":25,"column":0},"end":{"line":25,"column":null}}},"fnMap":{"0":{"name":"(anonymous_8)","decl":{"start":{"line":6,"column":16},"end":{"line":6,"column":23}},"loc":{"start":{"line":6,"column":36},"end":{"line":10,"column":2}}},"1":{"name":"(anonymous_9)","decl":{"start":{"line":6,"column":36},"end":{"line":6,"column":null}},"loc":{"start":{"line":6,"column":36},"end":{"line":10,"column":1}}},"2":{"name":"(anonymous_10)","decl":{"start":{"line":12,"column":17},"end":{"line":12,"column":24}},"loc":{"start":{"line":12,"column":36},"end":{"line":16,"column":2}}},"3":{"name":"(anonymous_11)","decl":{"start":{"line":12,"column":36},"end":{"line":12,"column":null}},"loc":{"start":{"line":12,"column":36},"end":{"line":16,"column":1}}},"4":{"name":"(anonymous_12)","decl":{"start":{"line":18,"column":19},"end":{"line":18,"column":26}},"loc":{"start":{"line":18,"column":38},"end":{"line":23,"column":2}}},"5":{"name":"(anonymous_13)","decl":{"start":{"line":18,"column":38},"end":{"line":18,"column":null}},"loc":{"start":{"line":18,"column":38},"end":{"line":23,"column":1}}}},"branchMap":{"0":{"loc":{"start":{"line":21,"column":1},"end":{"line":21,"column":null}},"type":"if","locations":[{"start":{"line":21,"column":1},"end":{"line":21,"column":null}},{"start":{"line":21,"column":1},"end":{"line":21,"column":null}}]}},"s":{"0":0,"1":0,"2":0,"3":0,"4":0,"5":0,"6":0,"7":0,"8":0,"9":0,"10":0,"11":0,"12":0,"13":0,"14":0,"15":0,"16":0,"17":0,"18":0,"19":0,"20":0},"f":{"0":0,"1":0,"2":0,"3":0,"4":0,"5":0},"b":{"0":[0,0]}}
,"/Users/payfazz344/Documents/Juara/Learn/express-typescript/src/routes/user.router.ts": {"path":"/Users/payfazz344/Documents/Juara/Learn/express-typescript/src/routes/user.router.ts","statementMap":{"0":{"start":{"line":1,"column":0},"end":{"line":1,"column":29}},"1":{"start":{"line":2,"column":0},"end":{"line":2,"column":59}},"2":{"start":{"line":4,"column":15},"end":{"line":4,"column":31}},"3":{"start":{"line":6,"column":0},"end":{"line":10,"column":null}},"4":{"start":{"line":6,"column":36},"end":{"line":10,"column":2}},"5":{"start":{"line":7,"column":20},"end":{"line":7,"column":40}},"6":{"start":{"line":8,"column":18},"end":{"line":8,"column":45}},"7":{"start":{"line":9,"column":1},"end":{"line":9,"column":null}},"8":{"start":{"line":12,"column":0},"end":{"line":16,"column":null}},"9":{"start":{"line":12,"column":36},"end":{"line":16,"column":2}},"10":{"start":{"line":13,"column":20},"end":{"line":13,"column":40}},"11":{"start":{"line":14,"column":18},"end":{"line":14,"column":55}},"12":{"start":{"line":15,"column":1},"end":{"line":15,"column":null}},"13":{"start":{"line":18,"column":0},"end":{"line":23,"column":null}},"14":{"start":{"line":18,"column":38},"end":{"line":23,"column":2}},"15":{"start":{"line":19,"column":20},"end":{"line":19,"column":40}},"16":{"start":{"line":20,"column":18},"end":{"line":20,"column":57}},"17":{"start":{"line":21,"column":1},"end":{"line":21,"column":null}},"18":{"start":{"line":21,"column":16},"end":{"line":21,"column":null}},"19":{"start":{"line":22,"column":1},"end":{"line":22,"column":null}},"20":{"start":{"line":25,"column":0},"end":{"line":25,"column":null}}},"fnMap":{"0":{"name":"(anonymous_8)","decl":{"start":{"line":6,"column":16},"end":{"line":6,"column":23}},"loc":{"start":{"line":6,"column":36},"end":{"line":10,"column":2}}},"1":{"name":"(anonymous_9)","decl":{"start":{"line":6,"column":36},"end":{"line":6,"column":null}},"loc":{"start":{"line":6,"column":36},"end":{"line":10,"column":1}}},"2":{"name":"(anonymous_10)","decl":{"start":{"line":12,"column":17},"end":{"line":12,"column":24}},"loc":{"start":{"line":12,"column":36},"end":{"line":16,"column":2}}},"3":{"name":"(anonymous_11)","decl":{"start":{"line":12,"column":36},"end":{"line":12,"column":null}},"loc":{"start":{"line":12,"column":36},"end":{"line":16,"column":1}}},"4":{"name":"(anonymous_12)","decl":{"start":{"line":18,"column":19},"end":{"line":18,"column":26}},"loc":{"start":{"line":18,"column":38},"end":{"line":23,"column":2}}},"5":{"name":"(anonymous_13)","decl":{"start":{"line":18,"column":38},"end":{"line":18,"column":null}},"loc":{"start":{"line":18,"column":38},"end":{"line":23,"column":1}}}},"branchMap":{"0":{"loc":{"start":{"line":21,"column":1},"end":{"line":21,"column":null}},"type":"if","locations":[{"start":{"line":21,"column":1},"end":{"line":21,"column":null}},{"start":{"line":21,"column":1},"end":{"line":21,"column":null}}]}},"s":{"0":0,"1":0,"2":0,"3":0,"4":0,"5":0,"6":0,"7":0,"8":0,"9":0,"10":0,"11":0,"12":0,"13":0,"14":0,"15":0,"16":0,"17":0,"18":0,"19":0,"20":0},"f":{"0":0,"1":0,"2":0,"3":0,"4":0,"5":0},"b":{"0":[0,0]}}
}
